<?xml version="1.0" encoding="UTF-8"?>
<coverage generated="1637054338833" clover="3.2.0">
  <project timestamp="1637054338833" name="All files">
    <metrics statements="8" coveredstatements="6" conditionals="10" coveredconditionals="8" methods="2" coveredmethods="2" elements="20" coveredelements="16" complexity="0" loc="8" ncloc="8" packages="1" files="1" classes="1"/>
    <file name="GlobalFunction.js" path="/Users/michaeledrian/reactnative/rn_test/src/utils/GlobalFunction.js">
      <metrics statements="8" coveredstatements="6" conditionals="10" coveredconditionals="8" methods="2" coveredmethods="2"/>
      <line num="2" count="1" type="stmt"/>
      <line num="3" count="1" type="cond" truecount="4" falsecount="1"/>
      <line num="4" count="0" type="stmt"/>
      <line num="7" count="1" type="stmt"/>
      <line num="11" count="1" type="stmt"/>
      <line num="17" count="1" type="cond" truecount="4" falsecount="1"/>
      <line num="18" count="0" type="stmt"/>
      <line num="21" count="1" type="stmt"/>
    </file>
  </project>
</coverage>
