{"/Users/michaeledrian/reactnative/rn_test/src/utils/GlobalFunction.js": {"path":"/Users/michaeledrian/reactnative/rn_test/src/utils/GlobalFunction.js","statementMap":{"0":{"start":{"line":2,"column":17},"end":{"line":2,"column":69}},"1":{"start":{"line":3,"column":2},"end":{"line":5,"column":3}},"2":{"start":{"line":4,"column":4},"end":{"line":4,"column":17}},"3":{"start":{"line":7,"column":2},"end":{"line":7,"column":18}},"4":{"start":{"line":11,"column":17},"end":{"line":16,"column":57}},"5":{"start":{"line":17,"column":2},"end":{"line":19,"column":3}},"6":{"start":{"line":18,"column":4},"end":{"line":18,"column":17}},"7":{"start":{"line":21,"column":2},"end":{"line":21,"column":18}}},"fnMap":{"0":{"name":"stringToNumber","decl":{"start":{"line":1,"column":16},"end":{"line":1,"column":30}},"loc":{"start":{"line":1,"column":43},"end":{"line":8,"column":1}},"line":1},"1":{"name":"stringToDecimal","decl":{"start":{"line":10,"column":16},"end":{"line":10,"column":31}},"loc":{"start":{"line":10,"column":44},"end":{"line":22,"column":1}},"line":10}},"branchMap":{"0":{"loc":{"start":{"line":3,"column":2},"end":{"line":5,"column":3}},"type":"if","locations":[{"start":{"line":3,"column":2},"end":{"line":5,"column":3}},{"start":{},"end":{}}],"line":3},"1":{"loc":{"start":{"line":3,"column":6},"end":{"line":3,"column":68}},"type":"binary-expr","locations":[{"start":{"line":3,"column":6},"end":{"line":3,"column":28}},{"start":{"line":3,"column":32},"end":{"line":3,"column":49}},{"start":{"line":3,"column":53},"end":{"line":3,"column":68}}],"line":3},"2":{"loc":{"start":{"line":17,"column":2},"end":{"line":19,"column":3}},"type":"if","locations":[{"start":{"line":17,"column":2},"end":{"line":19,"column":3}},{"start":{},"end":{}}],"line":17},"3":{"loc":{"start":{"line":17,"column":6},"end":{"line":17,"column":68}},"type":"binary-expr","locations":[{"start":{"line":17,"column":6},"end":{"line":17,"column":28}},{"start":{"line":17,"column":32},"end":{"line":17,"column":49}},{"start":{"line":17,"column":53},"end":{"line":17,"column":68}}],"line":17}},"s":{"0":1,"1":1,"2":0,"3":1,"4":1,"5":1,"6":0,"7":1},"f":{"0":1,"1":1},"b":{"0":[0,1],"1":[1,1,1],"2":[0,1],"3":[1,1,1]},"_coverageSchema":"1a1c01bbd47fc00a2c39e90264f33305004495a9","hash":"769ef3fd3c960dc3a3aaa07939db6e465ef20d66"}
}
